<?xml version="1.0" encoding="UTF-8"?>
<!-- Generated by org.testng.reporters.JUnitReportReporter -->
<testsuite hostname="ADDUSCL380729" failures="0" tests="2" name="docker.selenium.demo.Tests" time="15.958" errors="0" timestamp="23 Dec 2019 23:36:31 GMT" skipped="0">
  <testcase classname="docker.selenium.demo.Tests" name="Test1" time="2.875"/>
  <testcase classname="docker.selenium.demo.Tests" name="Test2" time="13.083"/>
</testsuite> <!-- docker.selenium.demo.Tests -->
